#
# A fatal error has been detected by the Java Runtime Environment:
#
#  SIGSEGV (0xb) at pc=0x0000000000000000, pid=15584, tid=78599
#
# JRE version: Java(TM) SE Runtime Environment (7.0_55-b13) (build 1.7.0_55-b13)
# Java VM: Java HotSpot(TM) 64-Bit Server VM (24.55-b03 mixed mode bsd-amd64 compressed oops)
# Problematic frame:
# C  0x0000000000000000
#
# Failed to write core dump. Core dumps have been disabled. To enable core dumping, try "ulimit -c unlimited" before starting Java again
#
# If you would like to submit a bug report, please visit:
#   http://bugreport.sun.com/bugreport/crash.jsp
#

---------------  T H R E A D  ---------------

Current thread is native thread

siginfo:si_signo=SIGSEGV: si_errno=0, si_code=1 (SEGV_MAPERR), si_addr=0x0000000000000000

Registers:
RAX=0x00000001131c8508, RBX=0x00000000000161b0, RCX=0x0000000000000010, RDX=0xfffffffffffffff0
RSP=0x0000000130d16a18, RBP=0x0000000130d16ac0, RSI=0x0000000000000000, RDI=0x00007fa9c22d3800
R8 =0x0000000000000200, R9 =0x00007fa9c3416e80, R10=0x0000000130a265bc, R11=0x0000000000009a50
R12=0x00007fa9c3416e80, R13=0x00007fa9c22d3800, R14=0x0000000000000200, R15=0x0000000000000800
RIP=0x0000000000000000, EFLAGS=0x0000000000010246, ERR=0x0000000000000014
  TRAPNO=0x000000000000000e

Top of Stack: (sp=0x0000000130d16a18)
0x0000000130d16a18:   000000011319a639 0000000130d16c69
0x0000000130d16a28:   00007fff86a7c333 00007fa9c22db9b0
0x0000000130d16a38:   0000000117657010 00007fa9c22d99b0
0x0000000130d16a48:   0000020000000004 0000000000000000
0x0000000130d16a58:   0000000000000800 0000000000000200
0x0000000130d16a68:   00007fa9c22d79b0 00007fa9c22d3800
0x0000000130d16a78:   0000020000000000 00007fa9c340d438
0x0000000130d16a88:   000000000000037f b200a572f3685267
0x0000000130d16a98:   00007fa9c350b148 00007fa9c3416e80
0x0000000130d16aa8:   00007fa9c340d430 0000000000000200
0x0000000130d16ab8:   00007fa9c350b0d0 0000000130d16ad0
0x0000000130d16ac8:   00000001131aa2ef 0000000130d16b40
0x0000000130d16ad8:   0000000130a23790 00007fa9c1a655f8
0x0000000130d16ae8:   00007fa9c1a65400 00007fa9c350b148
0x0000000130d16af8:   00000000878a68f3 0000000130d16c90
0x0000000130d16b08:   0000000130d16c88 0000020000000000
0x0000000130d16b18:   0000000130d16c88 00007fa9c350b350
0x0000000130d16b28:   00007fa9c1a65400 00007fa9c0cb2f80
0x0000000130d16b38:   0000000000000200 0000000130d16b90
0x0000000130d16b48:   0000000130a211c1 0000000130d16bd0
0x0000000130d16b58:   0000000130d16c90 00000000c1a65628
0x0000000130d16b68:   00007fa9c1a65400 0000000000000000
0x0000000130d16b78:   00007fa9c0cb2f80 00000000ffffffce
0x0000000130d16b88:   0000000000000200 0000000130d16c00
0x0000000130d16b98:   0000000130a1fa75 00007fa9c0cb2f80
0x0000000130d16ba8:   00001fa0176550e0 0000000130d16c88
0x0000000130d16bb8:   00007fa9c350b350 00007fa9c1a65400
0x0000000130d16bc8:   0000000130d16c90 00009fe000000000
0x0000000130d16bd8:   00007fa900000007 00007fa9c1a65400
0x0000000130d16be8:   0000000000000000 00007fa9c0cb2f80
0x0000000130d16bf8:   0000000117655060 0000000130d16d00
0x0000000130d16c08:   0000000130a26dd8 00007fa9c3503718 

Instructions: (pc=0x0000000000000000)
0xffffffffffffffe0:   

Register to memory mapping:

RAX=0x00000001131c8508: PlaybackBackend+0x20 in /Users/cristianoferreira/Desktop/Share/java/repositorios/gitrep_local/GameMaker/trunk/GMEditor/openal.dylib at 0x000000011317f000
RBX=0x00000000000161b0 is an unknown value
RCX=0x0000000000000010 is an unknown value
RDX=0xfffffffffffffff0 is an unknown value
RSP=0x0000000130d16a18 is an unknown value
RBP=0x0000000130d16ac0 is an unknown value
RSI=0x0000000000000000 is an unknown value
RDI=0x00007fa9c22d3800 is an unknown value
R8 =0x0000000000000200 is an unknown value
R9 =0x00007fa9c3416e80 is an unknown value
R10=