#
# A fatal error has been detected by the Java Runtime Environment:
#
#  EXCEPTION_ACCESS_VIOLATION (0xc0000005) at pc=0x576820fb, pid=1068, tid=7812
#
# JRE version: 7.0_21-b11
# Java VM: Java HotSpot(TM) Client VM (23.21-b01 mixed mode windows-x86 )
# Problematic frame:
# V  [jvm.dll+0xc20fb]
#
# Failed to write core dump. Minidumps are not enabled by default on client versions of Windows
#
# If you would like to submit a bug report, please visit:
#   http://bugreport.sun.com/bugreport/crash.jsp
#

---------------  T H R E A D  ---------------

Current thread (0x182a4c00):  JavaThread "JDWP Transport Listener: dt_socket" daemon [_thread_in_vm, id=7812, stack(0x18ee0000,0x18f30000)]

siginfo: ExceptionCode=0xc0000005, reading address 0x003b7374

Registers:
EAX=0x003b7374, EBX=0x00000000, ECX=0x003b7374, EDX=0x00000000
ESP=0x18f2f64c, EBP=0x18f2f650, ESI=0x182a4c00, EDI=0x0209ed18
EIP=0x576820fb, EFLAGS=0x00010206

Top of Stack: (sp=0x18f2f64c)
0x18f2f64c:   182a4c00 18f2f67c 577a6daa 003b7374
0x18f2f65c:   18f2f734 18f2f6b7 182a4c00 00000000
0x18f2f66c:   00000000 00000000 182a4c00 182a4c00
0x18f2f67c:   18f2f6b8 5e829d5c 0209ed18 003b7374
0x18f2f68c:   18f2f6b7 003b7374 5e81436d 003b7374
0x18f2f69c:   18f2f6b7 00000003 00000000 00000000
0x18f2f6ac:   0000000a 00000000 0023c6cc 18f2f6d8
0x18f2f6bc:   5e8144e0 00000001 18f2f6f4 18f2f730 

Instructions: (pc=0x576820fb)
0x576820db:   0c 5f 5e 5d c2 0c 00 cc cc cc cc cc cc cc cc cc
0x576820eb:   cc cc cc cc cc 55 8b ec 8b 45 08 56 85 c0 74 28
0x576820fb:   8b 30 85 f6 74 22 81 fe fe fe fe fe 74 1a 8b 4e
0x5768210b:   04 8b 41 08 8b 90 90 00 00 00 83 c1 08 ff d2 84 


Register to memory mapping:

EAX=0x003b7374 is pointing into the stack for thread: 0x0204c400
EBX=0x00000000 is an unknown value
ECX=0x003b7374 is pointing into the stack for thread: 0x0204c400
EDX=0x00000000 is an unknown value
ESP=0x18f2f64c is pointing into the stack for thread: 0x182a4c00
EBP=0x18f2f650 is pointing into the stack for thread: 0x182a4c00
ESI=0x182a4c00 is a thread
EDI=0x0209ed18 is an unknown value


Stack: [0x18ee0000,0x18f30000],  sp=0x18f2f64c,  free space=317k
Native frames: (J=compiled Java code, j=interpreted, Vv=VM code, C=native code)
V  [jvm.dll+0xc20fb]
V  [jvm.dll+0x1e6daa]
C  [jdwp.dll+0x19d5c]  Agent_OnLoad+0xe9ef
C  [jdwp.dll+0x44e0]
C  [jdwp.dll+0x451e]


---------------  P R O C E S S  ---------------

Java Threads: ( => current thread )
  0x1837a000 JavaThread "ReaderThread" [_thread_in_native, id=5908, stack(0x19090000,0x190e0000)]
  0x182bf000 JavaThread "Service Thread" daemon [_thread_blocked, id=7388, stack(0x19340000,0x19390000)]
  0x182be800 JavaThread "C1 CompilerThread0" daemon [_thread_blocked, id=8024, stack(0x187e0000,0x18830000)]
  0x182b2000 JavaThread "JDWP Command Reader" daemon [_thread_in_native, id=7300, stack(0x190e0000,0x19130000)]
  0x182ac000 JavaThread "JDWP Event Helper Thread" daemon [_thread_blocked, id=7372, stack(0x18c70000,0x18cc0000)]
=>0x182a4c00 JavaThread "JDWP Transport Listener: dt_socket" daemon [_thread_in_vm, id=7812, stack(0x18ee0000,0x18f30000)]
  0x1829f400 JavaThread "Attach Listener" daemon [_thread_blocked, id=7432, stack(0x004e0000,0x00530000)]
  0x1829a400 JavaThread "Signal Dispatcher" daemon [_thread_blocked, id=6520, stack(0x18870000,0x188c0000)]
  0x18241800 JavaThread "Finalizer" daemon [_thread_blocked, id=8176, stack(0x18690000,0x186e0000)]
  0x1823c800 JavaThread "Reference Handler" daemon [_thread_blocked, id=5832, stack(0x18640000,0x18690000)]
  0x0204c400 JavaThread "main" [_thread_blocked, id=6020, stack(0x003a0000,0x003f0000)]

Other Threads:
  0x18237000 VMThread [stack: 0x18560000,0x185b0000] [id=7236]
  0x182d6800 WatcherThread [stack: 0x00330000,0x00380000] [id=6252]

VM state:not at safepoint (normal execution)

VM Mutex/Monitor currently owned by a thread: None

Heap
 def new generation   total 4928K, used 2923K [0x04180000, 0x046d0000, 0x096d0000)
  eden space 4416K,  65% used [0x04180000, 0x04455b08, 0x045d0000)
  from space 512K,   4% used [0x045d0000, 0x045d5318, 0x04650000)
  to   space 512K,   0% used [0x04650000, 0x04650000, 0x046d0000)
 tenured generation   total 10944K, used 4438K [0x096d0000, 0x0a180000, 0x14180000)
   the space 10944K,  40% used [0x096d0000, 0x09b25850, 0x09b25a00, 0x0a180000)
 compacting perm gen  total 12288K, used 3851K [0x14180000, 0x14d80000, 0x18180000)
   the space 12288K,  31% used [0x14180000, 0x14542fa8, 0x14543000, 0x14d80000)
No shared spaces configured.

Card table byte_map: [0x18180000,0x18230000] byte_map_base: 0x1815f400

Polling page: 0x00140000

Code Cache  [0x02180000, 0x02290000, 0x04180000)
 total_blobs=376 nmethods=226 adapters=93 free_code_cache=31699Kb largest_free_block=32460160

Compilation events (10 events):
Event: 3.183 Thread 0x182be800  222             com.cristiano.java.blueprintManager.utils.IOHelper::loadLineFunction (91 bytes)
Event: 3.184 Thread 0x182be800 nmethod 222 0x02288b08 code [0x02288d20, 0x02289178]
Event: 3.344 Thread 0x182be800  223             java.util.HashMap::<init> (9 bytes)
Event: 3.344 Thread 0x182be800 nmethod 223 0x02289cc8 code [0x02289de0, 0x02289e8c]
Event: 3.522 Thread 0x182be800  224             com.cristiano.java.blueprintManager.entidade.AbstractElement::setParam (14 bytes)
Event: 3.523 Thread 0x182be800 nmethod 224 0x02289f08 code [0x0228a040, 0x0228a16c]
Event: 3.523 Thread 0x182be800  225             com.cristiano.java.blueprintManager.params.ParamListHolder::addParam (21 bytes)
Event: 3.523 Thread 0x182be800 nmethod 225 0x0228a348 code [0x0228a500, 0x0228a89c]
Event: 6.691 Thread 0x182be800  226             com.cristiano.java.blueprintManager.entidade.AbstractElement::setObjectType (6 bytes)
Event: 6.691 Thread 0x182be800 nmethod 226 0x0228af88 code [0x0228b080, 0x0228b110]

GC Heap History (10 events):
Event: 7.650 GC heap before
{Heap before GC invocations=1377 (full 0):
 def new generation   total 4928K, used 4432K [0x04180000, 0x046d0000, 0x096d0000)
  eden space 4416K, 100% used [0x04180000, 0x045d0000, 0x045d0000)
  from space 512K,   3% used [0x04650000, 0x04654218, 0x046d0000)
  to   space 512K,   0% used [0x045d0000, 0x045d0000, 0x04650000)
 tenured generation   total 10944K, used 4432K [0x096d0000, 0x0a180000, 0x14180000)
   the space 10944K,  40% used [0x096d0000, 0x09b242b0, 0x09b24400, 0x0a180000)
 compacting perm gen  total 12288K, used 3815K [0x14180000, 0x14d80000, 0x18180000)
   the space 12288K,  31% used [0x14180000, 0x14539cc0, 0x14539e00, 0x14d80000)
No shared spaces configured.
Event: 7.650 GC heap after
Heap after GC invocations=1378 (full 0):
 def new generation   total 4928K, used 16K [0x04180000, 0x046d0000, 0x096d0000)
  eden space 4416K,   0% used [0x04180000, 0x04180000, 0x045d0000)
  from space 512K,   3% used [0x045d0000, 0x045d4348, 0x04650000)
  to   space 512K,   0% used [0x04650000, 0x04650000, 0x046d0000)
 tenured generation   total 10944K, used 4432K [0x096d0000, 0x0a180000, 0x14180000)
   the space 10944K,  40% used [0x096d0000, 0x09b242b0, 0x09b24400, 0x0a180000)
 compacting perm gen  total 12288K, used 3815K [0x14180000, 0x14d80000, 0x18180000)
   the space 12288K,  31% used [0x14180000, 0x14539cc0, 0x14539e00, 0x14d80000)
No shared spaces configured.
}
Event: 7.654 GC heap before
{Heap before GC invocations=1378 (full 0):
 def new generation   total 4928K, used 4432K [0x04180000, 0x046d0000, 0x096d0000)
  eden space 4416K, 100% used [0x04180000, 0x045d0000, 0x045d0000)
  from space 512K,   3% used [0x045d0000, 0x045d4348, 0x04650000)
  to   space 512K,   0% used [0x04650000, 0x04650000, 0x046d0000)
 tenured generation   total 10944K, used 4432K [0x096d0000, 0x0a180000, 0x14180000)
   the space 10944K,  40% used [0x096d0000, 0x09b242b0, 0x09b24400, 0x0a180000)
 compacting perm gen  total 12288K, used 3815K [0x14180000, 0x14d80000, 0x18180000)
   the space 12288K,  31% used [0x14180000, 0x14539cc0, 0x14539e00, 0x14d80000)
No shared spaces configured.
Event: 7.655 GC heap after
Heap after GC invocations=1379 (full 0):
 def new generation   total 4928K, used 16K [0x04180000, 0x046d0000, 0x096d0000)
  eden space 4416K,   0% used [0x04180000, 0x04180000, 0x045d0000)
  from space 512K,   3% used [0x04650000, 0x04654010, 0x046d0000)
  to   space 512K,   0% used [0x045d0000, 0x045d0000, 0x04650000)
 tenured generation   total 10944K, used 4435K [0x096d0000, 0x0a180000, 0x14180000)
   the space 10944K,  40% used [0x096d0000, 0x09b24eb8, 0x09b25000, 0x0a180000)
 compacting perm gen  total 12288K, used 3815K [0x14180000, 0x14d80000, 0x18180000)
   the space 12288K,  31% used [0x14180000, 0x14539cc0, 0x14539e00, 0x14d80000)
No shared spaces configured.
}
Event: 7.658 GC heap before
{Heap before GC invocations=1379 (full 0):
 def new generation   total 4928K, used 4432K [0x04180000, 0x046d0000, 0x096d0000)
  eden space 4416K, 100% used [0x04180000, 0x045d0000, 0x045d0000)
  from space 512K,   3% used [0x04650000, 0x04654010, 0x046d0000)
  to   space 512K,   0% used [0x045d0000, 0x045d0000, 0x04650000)
 tenured generation   total 10944K, used 4435K [0x096d0000, 0x0a180000, 0x14180000)
   the space 10944K,  40% used [0x096d0000, 0x09b24eb8, 0x09b25000, 0x0a180000)
 compacting perm gen  total 12288K, used 3815K [0x14180000, 0x14d80000, 0x18180000)
   the space 12288K,  31% used [0x14180000, 0x14539cc0, 0x14539e00, 0x14d80000)
No shared spaces configured.
Event: 7.659 GC heap after
Heap after GC invocations=1380 (full 0):
 def new generation   total 4928K, used 16K [0x04180000, 0x046d0000, 0x096d0000)
  eden space 4416K,   0% used [0x04180000, 0x04180000, 0x045d0000)
  from space 512K,   3% used [0x045d0000, 0x045d4078, 0x04650000)
  to   space 512K,   0% used [0x04650000, 0x04650000, 0x046d0000)
 tenured generation   total 10944K, used 4435K [0x096d0000, 0x0a180000, 0x14180000)
   the space 10944K,  40% used [0x096d0000, 0x09b24eb8, 0x09b25000, 0x0a180000)
 compacting perm gen  total 12288K, used 3815K [0x14180000, 0x14d80000, 0x18180000)
   the space 12288K,  31% used [0x14180000, 0x14539cc0, 0x14539e00, 0x14d80000)
No shared spaces configured.
}
Event: 7.666 GC heap before
{Heap before GC invocations=1380 (full 0):
 def new generation   total 4928K, used 4432K [0x04180000, 0x046d0000, 0x096d0000)
  eden space 4416K, 100% used [0x04180000, 0x045d0000, 0x045d0000)
  from space 512K,   3% used [0x045d0000, 0x045d4078, 0x04650000)
  to   space 512K,   0% used [0x04650000, 0x04650000, 0x046d0000)
 tenured generation   total 10944K, used 4435K [0x096d0000, 0x0a180000, 0x14180000)
   the space 10944K,  40% used [0x096d0000, 0x09b24eb8, 0x09b25000, 0x0a180000)
 compacting perm gen  total 12288K, used 3816K [0x14180000, 0x14d80000, 0x18180000)
   the space 12288K,  31% used [0x14180000, 0x1453a180, 0x1453a200, 0x14d80000)
No shared spaces configured.
Event: 7.667 GC heap after
Heap after GC invocations=1381 (full 0):
 def new generation   total 4928K, used 21K [0x04180000, 0x046d0000, 0x096d0000)
  eden space 4416K,   0% used [0x04180000, 0x04180000, 0x045d0000)
  from space 512K,   4% used [0x04650000, 0x046554f0, 0x046d0000)
  to   space 512K,   0% used [0x045d0000, 0x045d0000, 0x04650000)
 tenured generation   total 10944K, used 4435K [0x096d0000, 0x0a180000, 0x14180000)
   the space 10944K,  40% used [0x096d0000, 0x09b24eb8, 0x09b25000, 0x0a180000)
 compacting perm gen  total 12288K, used 3816K [0x14180000, 0x14d80000, 0x18180000)
   the space 12288K,  31% used [0x14180000, 0x1453a180, 0x1453a200, 0x14d80000)
No shared spaces configured.
}
Event: 7.672 GC heap before
{Heap before GC invocations=1381 (full 0):
 def new generation   total 4928K, used 4437K [0x04180000, 0x046d0000, 0x096d0000)
  eden space 4416K, 100% used [0x04180000, 0x045d0000, 0x045d0000)
  from space 512K,   4% used [0x04650000, 0x046554f0, 0x046d0000)
  to   space 512K,   0% used [0x045d0000, 0x045d0000, 0x04650000)
 tenured generation   total 10944K, used 4435K [0x096d0000, 0x0a180000, 0x14180000)
   the space 10944K,  40% used [0x096d0000, 0x09b24eb8, 0x09b25000, 0x0a180000)
 compacting perm gen  total 12288K, used 3816K [0x14180000, 0x14d80000, 0x18180000)
   the space 12288K,  31% used [0x14180000, 0x1453a180, 0x1453a200, 0x14d80000)
No shared spaces configured.
Event: 7.673 GC heap after
Heap after GC invocations=1382 (full 0):
 def new generation   total 4928K, used 20K [0x04180000, 0x046d0000, 0x096d0000)
  eden space 4416K,   0% used [0x04180000, 0x04180000, 0x045d0000)
  from space 512K,   4% used [0x045d0000, 0x045d5318, 0x04650000)
  to   space 512K,   0% used [0x04650000, 0x04650000, 0x046d0000)
 tenured generation   total 10944K, used 4438K [0x096d0000, 0x0a180000, 0x14180000)
   the space 10944K,  40% used [0x096d0000, 0x09b25850, 0x09b25a00, 0x0a180000)
 compacting perm gen  total 12288K, used 3816K [0x14180000, 0x14d80000, 0x18180000)
   the space 12288K,  31% used [0x14180000, 0x1453a180, 0x1453a200, 0x14d80000)
No shared spaces configured.
}

Deoptimization events (0 events):
No events

Internal exceptions (10 events):
Event: 0.573 Thread 0x0204c400 Threw 0x0447fa10 at C:\jdk7u2_32P\jdk7u21\hotspot\src\share\vm\prims\jvm.cpp:1166
Event: 0.575 Thread 0x0204c400 Threw 0x04485f40 at C:\jdk7u2_32P\jdk7u21\hotspot\src\share\vm\prims\jvm.cpp:1166
Event: 0.576 Thread 0x0204c400 Threw 0x0448d768 at C:\jdk7u2_32P\jdk7u21\hotspot\src\share\vm\prims\jvm.cpp:1166
Event: 0.576 Thread 0x0204c400 Threw 0x04490f08 at C:\jdk7u2_32P\jdk7u21\hotspot\src\share\vm\prims\jvm.cpp:1166
Event: 7.663 Thread 0x0204c400 Threw 0x04397f08 at C:\jdk7u2_32P\jdk7u21\hotspot\src\share\vm\prims\jvm.cpp:1166
Event: 7.676 Thread 0x0204c400 Threw 0x0431be48 at C:\jdk7u2_32P\jdk7u21\hotspot\src\share\vm\prims\jvm.cpp:1166
Event: 7.677 Thread 0x0204c400 Threw 0x0431f5a0 at C:\jdk7u2_32P\jdk7u21\hotspot\src\share\vm\prims\jvm.cpp:1166
Event: 7.677 Thread 0x0204c400 Threw 0x04322150 at C:\jdk7u2_32P\jdk7u21\hotspot\src\share\vm\prims\jvm.cpp:1166
Event: 7.677 Thread 0x0204c400 Threw 0x043246a8 at C:\jdk7u2_32P\jdk7u21\hotspot\src\share\vm\prims\jvm.cpp:1166
Event: 19.618 Thread 0x0204c400 Threw 0x04410060 at C:\jdk7u2_32P\jdk7u21\hotspot\src\share\vm\prims\jvm.cpp:1166

Events (10 events):
Event: 122.730 Executing VM operation: GetOrSetLocal
Event: 122.730 Executing VM operation: GetOrSetLocal done
Event: 122.730 Executing VM operation: GetOrSetLocal
Event: 122.730 Executing VM operation: GetOrSetLocal done
Event: 122.730 Executing VM operation: GetOrSetLocal
Event: 122.730 Executing VM operation: GetOrSetLocal done
Event: 122.731 Executing VM operation: GetOrSetLocal
Event: 122.731 Executing VM operation: GetOrSetLocal done
Event: 360.973 Executing VM operation: RedefineClasses
Event: 360.974 Executing VM operation: RedefineClasses done


Dynamic libraries:
0x002a0000 - 0x002cf000 	G:\java\SDK\jdk1.7.0_21\bin\javaw.exe
0x774f0000 - 0x77670000 	C:\WINDOWS\SysWOW64\ntdll.dll
0x76870000 - 0x76980000 	C:\WINDOWS\syswow64\kernel32.dll
0x76820000 - 0x76867000 	C:\WINDOWS\syswow64\KERNELBASE.dll
0x74a00000 - 0x74a6d000 	C:\WINDOWS\SysWOW64\SYSFER.DLL
0x76340000 - 0x763e0000 	C:\WINDOWS\syswow64\ADVAPI32.dll
0x76a90000 - 0x76b3c000 	C:\WINDOWS\syswow64\msvcrt.dll
0x75020000 - 0x75039000 	C:\WINDOWS\SysWOW64\sechost.dll
0x76b40000 - 0x76c30000 	C:\WINDOWS\syswow64\RPCRT4.dll
0x74bd0000 - 0x74c30000 	C:\WINDOWS\syswow64\SspiCli.dll
0x74bc0000 - 0x74bcc000 	C:\WINDOWS\syswow64\CRYPTBASE.dll
0x75490000 - 0x75590000 	C:\WINDOWS\syswow64\USER32.dll
0x763e0000 - 0x76470000 	C:\WINDOWS\syswow64\GDI32.dll
0x75040000 - 0x7504a000 	C:\WINDOWS\syswow64\LPK.dll
0x753c0000 - 0x7545d000 	C:\WINDOWS\syswow64\USP10.dll
0x739f0000 - 0x73b8e000 	C:\WINDOWS\WinSxS\x86_microsoft.windows.common-controls_6595b64144ccf1df_6.0.7601.17514_none_41e6975e2bd6f2b2\COMCTL32.dll
0x767c0000 - 0x76817000 	C:\WINDOWS\syswow64\SHLWAPI.dll
0x76730000 - 0x76790000 	C:\WINDOWS\system32\IMM32.DLL
0x74d90000 - 0x74e5c000 	C:\WINDOWS\syswow64\MSCTF.dll
0x5e840000 - 0x5e8fe000 	G:\java\SDK\jdk1.7.0_21\jre\bin\msvcr100.dll
0x575c0000 - 0x5790f000 	G:\java\SDK\jdk1.7.0_21\jre\bin\client\jvm.dll
0x72160000 - 0x72167000 	C:\WINDOWS\system32\WSOCK32.dll
0x752e0000 - 0x75315000 	C:\WINDOWS\syswow64\WS2_32.dll
0x75320000 - 0x75326000 	C:\WINDOWS\syswow64\NSI.dll
0x70620000 - 0x70652000 	C:\WINDOWS\system32\WINMM.dll
0x75070000 - 0x75075000 	C:\WINDOWS\syswow64\PSAPI.DLL
0x65be0000 - 0x65bec000 	G:\java\SDK\jdk1.7.0_21\jre\bin\verify.dll
0x655c0000 - 0x655e0000 	G:\java\SDK\jdk1.7.0_21\jre\bin\java.dll
0x5e810000 - 0x5e83a000 	G:\java\SDK\jdk1.7.0_21\jre\bin\jdwp.dll
0x5f200000 - 0x5f207000 	G:\java\SDK\jdk1.7.0_21\jre\bin\npt.dll
0x65360000 - 0x65373000 	G:\java\SDK\jdk1.7.0_21\jre\bin\zip.dll
0x65d60000 - 0x65d68000 	G:\java\SDK\jdk1.7.0_21\jre\bin\dt_socket.dll
0x700d0000 - 0x700e0000 	C:\WINDOWS\system32\NLAapi.dll
0x700c0000 - 0x700d0000 	C:\WINDOWS\system32\napinsp.dll
0x700a0000 - 0x700b2000 	C:\WINDOWS\system32\pnrpnsp.dll
0x72de0000 - 0x72e1c000 	C:\WINDOWS\System32\mswsock.dll
0x70050000 - 0x70094000 	C:\WINDOWS\system32\DNSAPI.dll
0x70040000 - 0x70048000 	C:\WINDOWS\System32\winrnr.dll
0x72180000 - 0x7219c000 	C:\WINDOWS\system32\IPHLPAPI.DLL
0x72170000 - 0x72177000 	C:\WINDOWS\system32\WINNSI.DLL
0x71a40000 - 0x71a78000 	C:\WINDOWS\System32\fwpuclnt.dll
0x71900000 - 0x71906000 	C:\WINDOWS\system32\rasadhlp.dll
0x71880000 - 0x71885000 	C:\WINDOWS\System32\wshtcpip.dll
0x651a0000 - 0x651b4000 	G:\java\SDK\jdk1.7.0_21\jre\bin\net.dll
0x72dd0000 - 0x72dd6000 	C:\WINDOWS\System32\wship6.dll
0x65890000 - 0x6589e000 	G:\java\SDK\jdk1.7.0_21\jre\bin\nio.dll
0x72ab0000 - 0x72b9b000 	C:\WINDOWS\system32\dbghelp.dll

VM Arguments:
jvm_args: -agentlib:jdwp=transport=dt_socket,suspend=y,address=localhost:25831 -Dfile.encoding=UTF-8 
java_command: org.eclipse.jdt.internal.junit.runner.RemoteTestRunner -version 3 -port 25830 -testLoaderClass org.eclipse.jdt.internal.junit4.runner.JUnit4TestLoader -loaderpluginname org.eclipse.jdt.junit4.runtime -test com.cristiano.java.blueprintManager.tests.TesteBlueprintFunctions:testNamedParameterFunction
Launcher Type: SUN_STANDARD

Environment Variables:
JAVA_HOME=G:\java\SDK\jdk1.7.0_21
CLASSPATH=G:\java\servers\bea-10.3.2\wlserver_10.3.2\server\lib\weblogic.jar___
PATH=G:\java\SDK\jdk1.7.0_21\jre\bin;C:\Arquivos de Programas\IBM\RationalSDLC\common;C:\Oracle\product\11.2.0\client_1\bin;C:\WINDOWS\system32;C:\WINDOWS;C:\WINDOWS\System32\Wbem;C:\WINDOWS\System32\WindowsPowerShell\v1.0\;C:\Program Files\Codec Pack TIC x64\QuickTime Alternative\QTSystem;C:\Program Files (x86)\Microsoft Application Virtualization Client;C:\Arquivos de Programas\IBM\RationalSDLC\ClearCase\bin;C:\Program Files (x86)\IBM\gsk8\lib;C:\Program Files (x86)\IBM\gsk8\bin;G:\java\servers\apache\maven-3.0.4\bin;c:\Program Files (x86)\Microsoft SQL Server\100\Tools\Binn\;c:\Program Files\Microsoft SQL Server\100\Tools\Binn\;c:\Program Files\Microsoft SQL Server\100\DTS\Binn\;G:\java\SDK\jdk1.7.0_21\bin;E:\csvn\bin;G:\pessoal\Programas\Gource\cmd;G:\conversao\Git\cmd;G:\java\Android\android-sdk\platform-tools;g:\pessoal\programas\git\bin
USERNAME=CMM4
OS=Windows_NT
PROCESSOR_IDENTIFIER=Intel64 Family 6 Model 37 Stepping 5, GenuineIntel



---------------  S Y S T E M  ---------------

OS: Windows 7 , 64 bit Build 7601 Service Pack 1

CPU:total 4 (2 cores per cpu, 2 threads per core) family 6 model 37 stepping 5, cmov, cx8, fxsr, mmx, sse, sse2, sse3, ssse3, sse4.1, sse4.2, popcnt, ht, tsc, tscinvbit

Memory: 4k page, physical 6148208k(1111192k free), swap 12294560k(5943940k free)

vm_info: Java HotSpot(TM) Client VM (23.21-b01) for windows-x86 JRE (1.7.0_21-b11), built on Apr  4 2013 04:43:10 by "java_re" with unknown MS VC++:1600

time: Tue Aug 19 14:01:17 2014
elapsed time: 360 seconds

