#
# A fatal error has been detected by the Java Runtime Environment:
#
#  EXCEPTION_ACCESS_VIOLATION (0xc0000005) at pc=0x576820fb, pid=6036, tid=4616
#
# JRE version: 7.0_21-b11
# Java VM: Java HotSpot(TM) Client VM (23.21-b01 mixed mode windows-x86 )
# Problematic frame:
# V  [jvm.dll+0xc20fb]
#
# Failed to write core dump. Minidumps are not enabled by default on client versions of Windows
#
# If you would like to submit a bug report, please visit:
#   http://bugreport.sun.com/bugreport/crash.jsp
#

---------------  T H R E A D  ---------------

Current thread (0x00df4c00):  JavaThread "JDWP Transport Listener: dt_socket" daemon [_thread_in_vm, id=4616, stack(0x18f60000,0x18fb0000)]

siginfo: ExceptionCode=0xc0000005, reading address 0x69422f6f

Registers:
EAX=0x69422f6f, EBX=0x00000000, ECX=0x69422f6f, EDX=0x00000000
ESP=0x18faf47c, EBP=0x18faf480, ESI=0x00df4c00, EDI=0x0075ed18
EIP=0x576820fb, EFLAGS=0x00010206

Top of Stack: (sp=0x18faf47c)
0x18faf47c:   00df4c00 18faf4ac 577a6daa 69422f6f
0x18faf48c:   18faf564 18faf4e7 00df4c00 00000000
0x18faf49c:   00000000 00000000 00df4c00 00df4c00
0x18faf4ac:   18faf4e8 5e389d5c 0075ed18 69422f6f
0x18faf4bc:   18faf4e7 69422f6f 5e37436d 69422f6f
0x18faf4cc:   18faf4e7 00000002 00000000 00000000
0x18faf4dc:   00000009 00000000 00541e40 18faf508
0x18faf4ec:   5e3744e0 00000001 18faf524 18faf560 

Instructions: (pc=0x576820fb)
0x576820db:   0c 5f 5e 5d c2 0c 00 cc cc cc cc cc cc cc cc cc
0x576820eb:   cc cc cc cc cc 55 8b ec 8b 45 08 56 85 c0 74 28
0x576820fb:   8b 30 85 f6 74 22 81 fe fe fe fe fe 74 1a 8b 4e
0x5768210b:   04 8b 41 08 8b 90 90 00 00 00 83 c1 08 ff d2 84 


Register to memory mapping:

EAX=0x69422f6f is an unknown value
EBX=0x00000000 is an unknown value
ECX=0x69422f6f is an unknown value
EDX=0x00000000 is an unknown value
ESP=0x18faf47c is pointing into the stack for thread: 0x00df4c00
EBP=0x18faf480 is pointing into the stack for thread: 0x00df4c00
ESI=0x00df4c00 is a thread
EDI=0x0075ed18 is an unknown value


Stack: [0x18f60000,0x18fb0000],  sp=0x18faf47c,  free space=317k
Native frames: (J=compiled Java code, j=interpreted, Vv=VM code, C=native code)
V  [jvm.dll+0xc20fb]
V  [jvm.dll+0x1e6daa]
C  [jdwp.dll+0x19d5c]  Agent_OnLoad+0xe9ef
C  [jdwp.dll+0x44e0]
C  [jdwp.dll+0x451e]


---------------  P R O C E S S  ---------------

Java Threads: ( => current thread )
  0x00ed0400 JavaThread "ReaderThread" [_thread_in_native, id=7712, stack(0x194c0000,0x19510000)]
  0x00e10000 JavaThread "Service Thread" daemon [_thread_blocked, id=3796, stack(0x190c0000,0x19110000)]
  0x00e0d800 JavaThread "C1 CompilerThread0" daemon [_thread_blocked, id=7860, stack(0x18eb0000,0x18f00000)]
  0x00e02000 JavaThread "JDWP Command Reader" daemon [_thread_in_native, id=6000, stack(0x187c0000,0x18810000)]
  0x00dfc000 JavaThread "JDWP Event Helper Thread" daemon [_thread_blocked, id=7628, stack(0x18610000,0x18660000)]
=>0x00df4c00 JavaThread "JDWP Transport Listener: dt_socket" daemon [_thread_in_vm, id=4616, stack(0x18f60000,0x18fb0000)]
  0x00def400 JavaThread "Attach Listener" daemon [_thread_blocked, id=1104, stack(0x18870000,0x188c0000)]
  0x00dea400 JavaThread "Signal Dispatcher" daemon [_thread_blocked, id=7228, stack(0x18730000,0x18780000)]
  0x00d91800 JavaThread "Finalizer" daemon [_thread_blocked, id=5688, stack(0x00f90000,0x00fe0000)]
  0x00d8c800 JavaThread "Reference Handler" daemon [_thread_blocked, id=8120, stack(0x18660000,0x186b0000)]
  0x0010c400 JavaThread "main" [_thread_blocked, id=7360, stack(0x00b90000,0x00be0000)]

Other Threads:
  0x00d87000 VMThread [stack: 0x185a0000,0x185f0000] [id=6300]
  0x00e23800 WatcherThread [stack: 0x192f0000,0x19340000] [id=7784]

VM state:not at safepoint (normal execution)

VM Mutex/Monitor currently owned by a thread: None

Heap
 def new generation   total 4928K, used 2833K [0x04420000, 0x04970000, 0x09970000)
  eden space 4416K,  63% used [0x04420000, 0x046df230, 0x04870000)
  from space 512K,   4% used [0x04870000, 0x048752e8, 0x048f0000)
  to   space 512K,   0% used [0x048f0000, 0x048f0000, 0x04970000)
 tenured generation   total 10944K, used 4428K [0x09970000, 0x0a420000, 0x14420000)
   the space 10944K,  40% used [0x09970000, 0x09dc3320, 0x09dc3400, 0x0a420000)
 compacting perm gen  total 12288K, used 3851K [0x14420000, 0x15020000, 0x18420000)
   the space 12288K,  31% used [0x14420000, 0x147e2c98, 0x147e2e00, 0x15020000)
No shared spaces configured.

Card table byte_map: [0x00c60000,0x00d10000] byte_map_base: 0x00c3df00

Polling page: 0x00130000

Code Cache  [0x02420000, 0x02530000, 0x04420000)
 total_blobs=376 nmethods=226 adapters=93 free_code_cache=31702Kb largest_free_block=32462976

Compilation events (10 events):
Event: 3.555 Thread 0x00e0d800  222             java.util.HashMap::<init> (9 bytes)
Event: 3.555 Thread 0x00e0d800 nmethod 222 0x025299c8 code [0x02529ae0, 0x02529b8c]
Event: 3.732 Thread 0x00e0d800  223             com.cristiano.java.blueprintManager.entidade.AbstractElement::setParam (14 bytes)
Event: 3.733 Thread 0x00e0d800 nmethod 223 0x02529c08 code [0x02529d40, 0x02529e6c]
Event: 10.324 Thread 0x00e0d800  224             java.util.Random::nextInt (7 bytes)
Event: 10.325 Thread 0x00e0d800 nmethod 224 0x0252a048 code [0x0252a140, 0x0252a1dc]
Event: 10.351 Thread 0x00e0d800  225             java.util.regex.Pattern$Node::<init> (12 bytes)
Event: 10.351 Thread 0x00e0d800 nmethod 225 0x0252a388 code [0x0252a480, 0x0252a510]
Event: 10.362 Thread 0x00e0d800  226             java.util.regex.Matcher::getTextLength (10 bytes)
Event: 10.362 Thread 0x00e0d800 nmethod 226 0x0252a588 code [0x0252a690, 0x0252a72c]

GC Heap History (10 events):
Event: 8.269 GC heap before
{Heap before GC invocations=1377 (full 0):
 def new generation   total 4928K, used 4432K [0x04420000, 0x04970000, 0x09970000)
  eden space 4416K, 100% used [0x04420000, 0x04870000, 0x04870000)
  from space 512K,   3% used [0x048f0000, 0x048f41e8, 0x04970000)
  to   space 512K,   0% used [0x04870000, 0x04870000, 0x048f0000)
 tenured generation   total 10944K, used 4423K [0x09970000, 0x0a420000, 0x14420000)
   the space 10944K,  40% used [0x09970000, 0x09dc1d90, 0x09dc1e00, 0x0a420000)
 compacting perm gen  total 12288K, used 3814K [0x14420000, 0x15020000, 0x18420000)
   the space 12288K,  31% used [0x14420000, 0x147d9920, 0x147d9a00, 0x15020000)
No shared spaces configured.
Event: 8.269 GC heap after
Heap after GC invocations=1378 (full 0):
 def new generation   total 4928K, used 16K [0x04420000, 0x04970000, 0x09970000)
  eden space 4416K,   0% used [0x04420000, 0x04420000, 0x04870000)
  from space 512K,   3% used [0x04870000, 0x04874318, 0x048f0000)
  to   space 512K,   0% used [0x048f0000, 0x048f0000, 0x04970000)
 tenured generation   total 10944K, used 4423K [0x09970000, 0x0a420000, 0x14420000)
   the space 10944K,  40% used [0x09970000, 0x09dc1d90, 0x09dc1e00, 0x0a420000)
 compacting perm gen  total 12288K, used 3814K [0x14420000, 0x15020000, 0x18420000)
   the space 12288K,  31% used [0x14420000, 0x147d9920, 0x147d9a00, 0x15020000)
No shared spaces configured.
}
Event: 8.275 GC heap before
{Heap before GC invocations=1378 (full 0):
 def new generation   total 4928K, used 4432K [0x04420000, 0x04970000, 0x09970000)
  eden space 4416K, 100% used [0x04420000, 0x04870000, 0x04870000)
  from space 512K,   3% used [0x04870000, 0x04874318, 0x048f0000)
  to   space 512K,   0% used [0x048f0000, 0x048f0000, 0x04970000)
 tenured generation   total 10944K, used 4423K [0x09970000, 0x0a420000, 0x14420000)
   the space 10944K,  40% used [0x09970000, 0x09dc1d90, 0x09dc1e00, 0x0a420000)
 compacting perm gen  total 12288K, used 3814K [0x14420000, 0x15020000, 0x18420000)
   the space 12288K,  31% used [0x14420000, 0x147d9920, 0x147d9a00, 0x15020000)
No shared spaces configured.
Event: 8.276 GC heap after
Heap after GC invocations=1379 (full 0):
 def new generation   total 4928K, used 15K [0x04420000, 0x04970000, 0x09970000)
  eden space 4416K,   0% used [0x04420000, 0x04420000, 0x04870000)
  from space 512K,   3% used [0x048f0000, 0x048f3fe0, 0x04970000)
  to   space 512K,   0% used [0x04870000, 0x04870000, 0x048f0000)
 tenured generation   total 10944K, used 4426K [0x09970000, 0x0a420000, 0x14420000)
   the space 10944K,  40% used [0x09970000, 0x09dc2990, 0x09dc2a00, 0x0a420000)
 compacting perm gen  total 12288K, used 3814K [0x14420000, 0x15020000, 0x18420000)
   the space 12288K,  31% used [0x14420000, 0x147d9920, 0x147d9a00, 0x15020000)
No shared spaces configured.
}
Event: 8.280 GC heap before
{Heap before GC invocations=1379 (full 0):
 def new generation   total 4928K, used 4431K [0x04420000, 0x04970000, 0x09970000)
  eden space 4416K, 100% used [0x04420000, 0x04870000, 0x04870000)
  from space 512K,   3% used [0x048f0000, 0x048f3fe0, 0x04970000)
  to   space 512K,   0% used [0x04870000, 0x04870000, 0x048f0000)
 tenured generation   total 10944K, used 4426K [0x09970000, 0x0a420000, 0x14420000)
   the space 10944K,  40% used [0x09970000, 0x09dc2990, 0x09dc2a00, 0x0a420000)
 compacting perm gen  total 12288K, used 3814K [0x14420000, 0x15020000, 0x18420000)
   the space 12288K,  31% used [0x14420000, 0x147d9920, 0x147d9a00, 0x15020000)
No shared spaces configured.
Event: 8.280 GC heap after
Heap after GC invocations=1380 (full 0):
 def new generation   total 4928K, used 16K [0x04420000, 0x04970000, 0x09970000)
  eden space 4416K,   0% used [0x04420000, 0x04420000, 0x04870000)
  from space 512K,   3% used [0x04870000, 0x04874048, 0x048f0000)
  to   space 512K,   0% used [0x048f0000, 0x048f0000, 0x04970000)
 tenured generation   total 10944K, used 4426K [0x09970000, 0x0a420000, 0x14420000)
   the space 10944K,  40% used [0x09970000, 0x09dc2990, 0x09dc2a00, 0x0a420000)
 compacting perm gen  total 12288K, used 3814K [0x14420000, 0x15020000, 0x18420000)
   the space 12288K,  31% used [0x14420000, 0x147d9920, 0x147d9a00, 0x15020000)
No shared spaces configured.
}
Event: 8.285 GC heap before
{Heap before GC invocations=1380 (full 0):
 def new generation   total 4928K, used 4432K [0x04420000, 0x04970000, 0x09970000)
  eden space 4416K, 100% used [0x04420000, 0x04870000, 0x04870000)
  from space 512K,   3% used [0x04870000, 0x04874048, 0x048f0000)
  to   space 512K,   0% used [0x048f0000, 0x048f0000, 0x04970000)
 tenured generation   total 10944K, used 4426K [0x09970000, 0x0a420000, 0x14420000)
   the space 10944K,  40% used [0x09970000, 0x09dc2990, 0x09dc2a00, 0x0a420000)
 compacting perm gen  total 12288K, used 3815K [0x14420000, 0x15020000, 0x18420000)
   the space 12288K,  31% used [0x14420000, 0x147d9de0, 0x147d9e00, 0x15020000)
No shared spaces configured.
Event: 8.286 GC heap after
Heap after GC invocations=1381 (full 0):
 def new generation   total 4928K, used 21K [0x04420000, 0x04970000, 0x09970000)
  eden space 4416K,   0% used [0x04420000, 0x04420000, 0x04870000)
  from space 512K,   4% used [0x048f0000, 0x048f54b8, 0x04970000)
  to   space 512K,   0% used [0x04870000, 0x04870000, 0x048f0000)
 tenured generation   total 10944K, used 4426K [0x09970000, 0x0a420000, 0x14420000)
   the space 10944K,  40% used [0x09970000, 0x09dc2990, 0x09dc2a00, 0x0a420000)
 compacting perm gen  total 12288K, used 3815K [0x14420000, 0x15020000, 0x18420000)
   the space 12288K,  31% used [0x14420000, 0x147d9de0, 0x147d9e00, 0x15020000)
No shared spaces configured.
}
Event: 8.291 GC heap before
{Heap before GC invocations=1381 (full 0):
 def new generation   total 4928K, used 4437K [0x04420000, 0x04970000, 0x09970000)
  eden space 4416K, 100% used [0x04420000, 0x04870000, 0x04870000)
  from space 512K,   4% used [0x048f0000, 0x048f54b8, 0x04970000)
  to   space 512K,   0% used [0x04870000, 0x04870000, 0x048f0000)
 tenured generation   total 10944K, used 4426K [0x09970000, 0x0a420000, 0x14420000)
   the space 10944K,  40% used [0x09970000, 0x09dc2990, 0x09dc2a00, 0x0a420000)
 compacting perm gen  total 12288K, used 3815K [0x14420000, 0x15020000, 0x18420000)
   the space 12288K,  31% used [0x14420000, 0x147d9de0, 0x147d9e00, 0x15020000)
No shared spaces configured.
Event: 8.292 GC heap after
Heap after GC invocations=1382 (full 0):
 def new generation   total 4928K, used 20K [0x04420000, 0x04970000, 0x09970000)
  eden space 4416K,   0% used [0x04420000, 0x04420000, 0x04870000)
  from space 512K,   4% used [0x04870000, 0x048752e8, 0x048f0000)
  to   space 512K,   0% used [0x048f0000, 0x048f0000, 0x04970000)
 tenured generation   total 10944K, used 4428K [0x09970000, 0x0a420000, 0x14420000)
   the space 10944K,  40% used [0x09970000, 0x09dc3320, 0x09dc3400, 0x0a420000)
 compacting perm gen  total 12288K, used 3815K [0x14420000, 0x15020000, 0x18420000)
   the space 12288K,  31% used [0x14420000, 0x147d9de0, 0x147d9e00, 0x15020000)
No shared spaces configured.
}

Deoptimization events (0 events):
No events

Internal exceptions (10 events):
Event: 0.566 Thread 0x0010c400 Threw 0x0471a148 at C:\jdk7u2_32P\jdk7u21\hotspot\src\share\vm\prims\jvm.cpp:1166
Event: 0.569 Thread 0x0010c400 Threw 0x04720678 at C:\jdk7u2_32P\jdk7u21\hotspot\src\share\vm\prims\jvm.cpp:1166
Event: 0.570 Thread 0x0010c400 Threw 0x04727ea0 at C:\jdk7u2_32P\jdk7u21\hotspot\src\share\vm\prims\jvm.cpp:1166
Event: 0.571 Thread 0x0010c400 Threw 0x0472b560 at C:\jdk7u2_32P\jdk7u21\hotspot\src\share\vm\prims\jvm.cpp:1166
Event: 8.283 Thread 0x0010c400 Threw 0x04637f08 at C:\jdk7u2_32P\jdk7u21\hotspot\src\share\vm\prims\jvm.cpp:1166
Event: 8.294 Thread 0x0010c400 Threw 0x045bbe48 at C:\jdk7u2_32P\jdk7u21\hotspot\src\share\vm\prims\jvm.cpp:1166
Event: 8.295 Thread 0x0010c400 Threw 0x045bf5a0 at C:\jdk7u2_32P\jdk7u21\hotspot\src\share\vm\prims\jvm.cpp:1166
Event: 8.296 Thread 0x0010c400 Threw 0x045c2150 at C:\jdk7u2_32P\jdk7u21\hotspot\src\share\vm\prims\jvm.cpp:1166
Event: 8.296 Thread 0x0010c400 Threw 0x045c46a8 at C:\jdk7u2_32P\jdk7u21\hotspot\src\share\vm\prims\jvm.cpp:1166
Event: 10.371 Thread 0x0010c400 Threw 0x046a7468 at C:\jdk7u2_32P\jdk7u21\hotspot\src\share\vm\prims\jvm.cpp:1166

Events (10 events):
Event: 6397.312 Executing VM operation: GetOrSetLocal
Event: 6397.312 Executing VM operation: GetOrSetLocal done
Event: 6397.313 Executing VM operation: GetOrSetLocal
Event: 6397.313 Executing VM operation: GetOrSetLocal done
Event: 6397.313 Executing VM operation: GetOrSetLocal
Event: 6397.313 Executing VM operation: GetOrSetLocal done
Event: 6397.313 Executing VM operation: GetOrSetLocal
Event: 6397.313 Executing VM operation: GetOrSetLocal done
Event: 6422.247 Executing VM operation: RedefineClasses
Event: 6422.248 Executing VM operation: RedefineClasses done


Dynamic libraries:
0x00ff0000 - 0x0101f000 	G:\java\SDK\jdk1.7.0_21\bin\javaw.exe
0x774f0000 - 0x77670000 	C:\WINDOWS\SysWOW64\ntdll.dll
0x76870000 - 0x76980000 	C:\WINDOWS\syswow64\kernel32.dll
0x76820000 - 0x76867000 	C:\WINDOWS\syswow64\KERNELBASE.dll
0x74a00000 - 0x74a6d000 	C:\WINDOWS\SysWOW64\SYSFER.DLL
0x76340000 - 0x763e0000 	C:\WINDOWS\syswow64\ADVAPI32.dll
0x76a90000 - 0x76b3c000 	C:\WINDOWS\syswow64\msvcrt.dll
0x75020000 - 0x75039000 	C:\WINDOWS\SysWOW64\sechost.dll
0x76b40000 - 0x76c30000 	C:\WINDOWS\syswow64\RPCRT4.dll
0x74bd0000 - 0x74c30000 	C:\WINDOWS\syswow64\SspiCli.dll
0x74bc0000 - 0x74bcc000 	C:\WINDOWS\syswow64\CRYPTBASE.dll
0x75490000 - 0x75590000 	C:\WINDOWS\syswow64\USER32.dll
0x763e0000 - 0x76470000 	C:\WINDOWS\syswow64\GDI32.dll
0x75040000 - 0x7504a000 	C:\WINDOWS\syswow64\LPK.dll
0x753c0000 - 0x7545d000 	C:\WINDOWS\syswow64\USP10.dll
0x739f0000 - 0x73b8e000 	C:\WINDOWS\WinSxS\x86_microsoft.windows.common-controls_6595b64144ccf1df_6.0.7601.17514_none_41e6975e2bd6f2b2\COMCTL32.dll
0x767c0000 - 0x76817000 	C:\WINDOWS\syswow64\SHLWAPI.dll
0x76730000 - 0x76790000 	C:\WINDOWS\system32\IMM32.DLL
0x74d90000 - 0x74e5c000 	C:\WINDOWS\syswow64\MSCTF.dll
0x5bb40000 - 0x5bbfe000 	G:\java\SDK\jdk1.7.0_21\jre\bin\msvcr100.dll
0x575c0000 - 0x5790f000 	G:\java\SDK\jdk1.7.0_21\jre\bin\client\jvm.dll
0x72160000 - 0x72167000 	C:\WINDOWS\system32\WSOCK32.dll
0x752e0000 - 0x75315000 	C:\WINDOWS\syswow64\WS2_32.dll
0x75320000 - 0x75326000 	C:\WINDOWS\syswow64\NSI.dll
0x70620000 - 0x70652000 	C:\WINDOWS\system32\WINMM.dll
0x75070000 - 0x75075000 	C:\WINDOWS\syswow64\PSAPI.DLL
0x65be0000 - 0x65bec000 	G:\java\SDK\jdk1.7.0_21\jre\bin\verify.dll
0x655c0000 - 0x655e0000 	G:\java\SDK\jdk1.7.0_21\jre\bin\java.dll
0x5e370000 - 0x5e39a000 	G:\java\SDK\jdk1.7.0_21\jre\bin\jdwp.dll
0x5e360000 - 0x5e367000 	G:\java\SDK\jdk1.7.0_21\jre\bin\npt.dll
0x65360000 - 0x65373000 	G:\java\SDK\jdk1.7.0_21\jre\bin\zip.dll
0x5e350000 - 0x5e358000 	G:\java\SDK\jdk1.7.0_21\jre\bin\dt_socket.dll
0x700d0000 - 0x700e0000 	C:\WINDOWS\system32\NLAapi.dll
0x700c0000 - 0x700d0000 	C:\WINDOWS\system32\napinsp.dll
0x700a0000 - 0x700b2000 	C:\WINDOWS\system32\pnrpnsp.dll
0x72de0000 - 0x72e1c000 	C:\WINDOWS\System32\mswsock.dll
0x70050000 - 0x70094000 	C:\WINDOWS\system32\DNSAPI.dll
0x70040000 - 0x70048000 	C:\WINDOWS\System32\winrnr.dll
0x72180000 - 0x7219c000 	C:\WINDOWS\system32\IPHLPAPI.DLL
0x72170000 - 0x72177000 	C:\WINDOWS\system32\WINNSI.DLL
0x71a40000 - 0x71a78000 	C:\WINDOWS\System32\fwpuclnt.dll
0x71900000 - 0x71906000 	C:\WINDOWS\system32\rasadhlp.dll
0x71880000 - 0x71885000 	C:\WINDOWS\System32\wshtcpip.dll
0x651a0000 - 0x651b4000 	G:\java\SDK\jdk1.7.0_21\jre\bin\net.dll
0x72dd0000 - 0x72dd6000 	C:\WINDOWS\System32\wship6.dll
0x65890000 - 0x6589e000 	G:\java\SDK\jdk1.7.0_21\jre\bin\nio.dll
0x72ab0000 - 0x72b9b000 	C:\WINDOWS\system32\dbghelp.dll

VM Arguments:
jvm_args: -agentlib:jdwp=transport=dt_socket,suspend=y,address=localhost:23201 -Dfile.encoding=UTF-8 
java_command: org.eclipse.jdt.internal.junit.runner.RemoteTestRunner -version 3 -port 23200 -testLoaderClass org.eclipse.jdt.internal.junit4.runner.JUnit4TestLoader -loaderpluginname org.eclipse.jdt.junit4.runtime -test com.cristiano.java.blueprintManager.tests.TesteBlueprintFunctions:testNamedParameterFunction
Launcher Type: SUN_STANDARD

Environment Variables:
JAVA_HOME=G:\java\SDK\jdk1.7.0_21
CLASSPATH=G:\java\servers\bea-10.3.2\wlserver_10.3.2\server\lib\weblogic.jar___
PATH=G:\java\SDK\jdk1.7.0_21\jre\bin;C:\Arquivos de Programas\IBM\RationalSDLC\common;C:\Oracle\product\11.2.0\client_1\bin;C:\WINDOWS\system32;C:\WINDOWS;C:\WINDOWS\System32\Wbem;C:\WINDOWS\System32\WindowsPowerShell\v1.0\;C:\Program Files\Codec Pack TIC x64\QuickTime Alternative\QTSystem;C:\Program Files (x86)\Microsoft Application Virtualization Client;C:\Arquivos de Programas\IBM\RationalSDLC\ClearCase\bin;C:\Program Files (x86)\IBM\gsk8\lib;C:\Program Files (x86)\IBM\gsk8\bin;G:\java\servers\apache\maven-3.0.4\bin;c:\Program Files (x86)\Microsoft SQL Server\100\Tools\Binn\;c:\Program Files\Microsoft SQL Server\100\Tools\Binn\;c:\Program Files\Microsoft SQL Server\100\DTS\Binn\;G:\java\SDK\jdk1.7.0_21\bin;E:\csvn\bin;G:\pessoal\Programas\Gource\cmd;G:\conversao\Git\cmd;G:\java\Android\android-sdk\platform-tools;g:\pessoal\programas\git\bin
USERNAME=CMM4
OS=Windows_NT
PROCESSOR_IDENTIFIER=Intel64 Family 6 Model 37 Stepping 5, GenuineIntel



---------------  S Y S T E M  ---------------

OS: Windows 7 , 64 bit Build 7601 Service Pack 1

CPU:total 4 (2 cores per cpu, 2 threads per core) family 6 model 37 stepping 5, cmov, cx8, fxsr, mmx, sse, sse2, sse3, ssse3, sse4.1, sse4.2, popcnt, ht, tsc, tscinvbit

Memory: 4k page, physical 6148208k(1037408k free), swap 12294560k(5924672k free)

vm_info: Java HotSpot(TM) Client VM (23.21-b01) for windows-x86 JRE (1.7.0_21-b11), built on Apr  4 2013 04:43:10 by "java_re" with unknown MS VC++:1600

time: Tue Aug 19 13:26:38 2014
elapsed time: 6422 seconds

