#
# An unexpected error has been detected by HotSpot Virtual Machine:
#
#  EXCEPTION_ACCESS_VIOLATION (0xc0000005) at pc=0x5d29847a, pid=5864, tid=8108
#
# Java VM: Java HotSpot(TM) Client VM (1.5.0_14-b03 mixed mode)
# Problematic frame:
# C  [odejava.dll+0x3847a]
#

---------------  T H R E A D  ---------------

Current thread (0x00844e00):  JavaThread "Thread-1" [_thread_in_native, id=8108]

siginfo: ExceptionCode=0xc0000005, reading address 0x000001ec

Registers:
EAX=0x5d3e5138, EBX=0x5d3e3738, ECX=0x00000000, EDX=0x0000007b
ESP=0x5710d018, EBP=0x0000002e, ESI=0x5710d15c, EDI=0x0000002e
EIP=0x5d29847a, EFLAGS=0x00010202

Top of Stack: (sp=0x5710d018)
0x5710d018:   0000002e 00000000 5936b3f0 00000000
0x5710d028:   5d3e3738 00000000 59396d70 5936b3f0
0x5710d038:   5d298bca 00001130 5d29b902 5d3e3738
0x5710d048:   0000002e 5710d15c 5d3e3738 5936b3f0
0x5710d058:   000000c8 5d2e4b20 59398f38 00000000
0x5710d068:   00000064 59396d70 00000022 00000064
0x5710d078:   00000000 00000008 59396d70 00000d68
0x5710d088:   59396000 bd7253db 59240000 00000000 

Instructions: (pc=0x5d29847a)
0x5d29846a:   03 43 20 56 8b 10 8b 74 24 30 8d 14 52 57 8b fd
0x5d29847a:   d9 04 91 c1 e7 06 d9 1e 8b 10 8d 14 52 d9 44 91 


Stack: [0x55110000,0x57110000),  sp=0x5710d018,  free space=32756k
Native frames: (J=compiled Java code, j=interpreted, Vv=VM code, C=native code)
C  [odejava.dll+0x3847a]

[error occurred during error reporting, step 120, id 0xc0000005]

Java frames: (J=compiled Java code, j=interpreted, Vv=VM code)
j  org.odejava.ode.OdeJNI.spaceCollide(J)I+0
j  org.odejava.ode.Ode.spaceCollide(Lorg/odejava/ode/SWIGTYPE_p_dSpaceID;)I+4
j  org.odejava.collision.JavaCollision.collide(Lorg/odejava/Space;)V+33
J  com.jmex.physics.impl.ode.OdePhysicsSpace.computeTimeStep()V
v  ~RuntimeStub::alignment_frame_return Runtime1 stub
j  com.jmex.physics.impl.ode.OdePhysicsSpace.update(F)V+123
j  com.jmex.physics.util.SimplePhysicsGame.update(F)V+56
j  com.jme.app.BaseGame.start()V+54
j  com.Space.controller.ships.TestBasicShip$2.run()V+4
v  ~StubRoutines::call_stub

---------------  P R O C E S S  ---------------

Java Threads: ( => current thread )
  0x00849810 JavaThread "AWT-Windows" daemon [_thread_in_native, id=7316]
  0x00848bc0 JavaThread "Java2D Disposer" daemon [_thread_blocked, id=6232]
  0x00844a00 JavaThread "DestroyJavaVM" [_thread_blocked, id=3704]
=>0x00844e00 JavaThread "Thread-1" [_thread_in_native, id=8108]
  0x00831cb0 JavaThread "Low Memory Detector" daemon [_thread_blocked, id=884]
  0x0082f050 JavaThread "CompilerThread0" daemon [_thread_blocked, id=7800]
  0x0082e040 JavaThread "Signal Dispatcher" daemon [_thread_blocked, id=8176]
  0x0082d550 JavaThread "Finalizer" daemon [_thread_blocked, id=5496]
  0x0082c1c0 JavaThread "Reference Handler" daemon [_thread_blocked, id=4364]

Other Threads:
  0x0082b4a0 VMThread [id=2964]
  0x008328e0 WatcherThread [id=3244]

VM state:not at safepoint (normal execution)

VM Mutex/Monitor currently owned by a thread: None

Heap
 def new generation   total 36288K, used 23145K [0x02b70000, 0x052d0000, 0x068f0000)
  eden space 32256K,  59% used [0x02b70000, 0x03e1a418, 0x04af0000)
  from space 4032K, 100% used [0x04ee0000, 0x052d0000, 0x052d0000)
  to   space 4032K,   0% used [0x04af0000, 0x04af0000, 0x04ee0000)
 tenured generation   total 483968K, used 132K [0x068f0000, 0x24190000, 0x34b70000)
   the space 483968K,   0% used [0x068f0000, 0x069112a0, 0x06911400, 0x24190000)
 compacting perm gen  total 131072K, used 11402K [0x34b70000, 0x3cb70000, 0x44b70000)
   the space 131072K,   8% used [0x34b70000, 0x356929b0, 0x35692a00, 0x3cb70000)
No shared spaces configured.

Dynamic libraries:
0x00400000 - 0x0040d000 	C:\Arquivos de programas\Java\jdk1.5.0_14\bin\javaw.exe
0x7c900000 - 0x7c9b4000 	C:\WINDOWS\system32\ntdll.dll
0x7c800000 - 0x7c8ff000 	C:\WINDOWS\system32\kernel32.dll
0x77f50000 - 0x77ffb000 	C:\WINDOWS\system32\ADVAPI32.dll
0x77db0000 - 0x77e42000 	C:\WINDOWS\system32\RPCRT4.dll
0x77f20000 - 0x77f31000 	C:\WINDOWS\system32\Secur32.dll
0x7e360000 - 0x7e3f0000 	C:\WINDOWS\system32\USER32.dll
0x77e50000 - 0x77e97000 	C:\WINDOWS\system32\GDI32.dll
0x77bf0000 - 0x77c48000 	C:\WINDOWS\system32\MSVCRT.dll
0x76360000 - 0x7637d000 	C:\WINDOWS\system32\IMM32.DLL
0x6d740000 - 0x6d8de000 	C:\Arquivos de programas\Java\jdk1.5.0_14\jre\bin\client\jvm.dll
0x76b20000 - 0x76b4e000 	C:\WINDOWS\system32\WINMM.dll
0x6d300000 - 0x6d308000 	C:\Arquivos de programas\Java\jdk1.5.0_14\jre\bin\hpi.dll
0x76bd0000 - 0x76bdb000 	C:\WINDOWS\system32\PSAPI.DLL
0x6d710000 - 0x6d71c000 	C:\Arquivos de programas\Java\jdk1.5.0_14\jre\bin\verify.dll
0x6d380000 - 0x6d39d000 	C:\Arquivos de programas\Java\jdk1.5.0_14\jre\bin\java.dll
0x6d730000 - 0x6d73f000 	C:\Arquivos de programas\Java\jdk1.5.0_14\jre\bin\zip.dll
0x6d070000 - 0x6d1dd000 	C:\Arquivos de programas\Java\jdk1.5.0_14\jre\bin\awt.dll
0x72fb0000 - 0x72fd6000 	C:\WINDOWS\system32\WINSPOOL.DRV
0x774c0000 - 0x775fd000 	C:\WINDOWS\system32\ole32.dll
0x73710000 - 0x73759000 	C:\WINDOWS\system32\ddraw.dll
0x73b70000 - 0x73b76000 	C:\WINDOWS\system32\DCIMAN32.dll
0x6d2b0000 - 0x6d300000 	C:\Arquivos de programas\Java\jdk1.5.0_14\jre\bin\fontmanager.dll
0x746e0000 - 0x7472b000 	C:\WINDOWS\system32\MSCTF.dll
0x75290000 - 0x752be000 	C:\WINDOWS\system32\msctfime.ime
0x7c9c0000 - 0x7d1dd000 	C:\WINDOWS\system32\shell32.dll
0x77ea0000 - 0x77f16000 	C:\WINDOWS\system32\SHLWAPI.dll
0x773b0000 - 0x774b3000 	C:\WINDOWS\WinSxS\x86_Microsoft.Windows.Common-Controls_6595b64144ccf1df_6.0.2600.2982_x-ww_ac3f9c03\comctl32.dll
0x5d510000 - 0x5d5aa000 	C:\WINDOWS\system32\comctl32.dll
0x5d170000 - 0x5d1bc000 	D:\Java\jme\jmephysics\lwjgl.dll
0x72250000 - 0x7227c000 	C:\WINDOWS\system32\DINPUT.dll
0x5f180000 - 0x5f24c000 	C:\WINDOWS\system32\OPENGL32.dll
0x5d1c0000 - 0x5d1e1000 	C:\WINDOWS\system32\GLU32.dll
0x77be0000 - 0x77be8000 	C:\WINDOWS\system32\VERSION.dll
0x6d540000 - 0x6d553000 	C:\Arquivos de programas\Java\jdk1.5.0_14\jre\bin\net.dll
0x71a70000 - 0x71a87000 	C:\WINDOWS\system32\WS2_32.dll
0x71a60000 - 0x71a68000 	C:\WINDOWS\system32\WS2HELP.dll
0x6d560000 - 0x6d569000 	C:\Arquivos de programas\Java\jdk1.5.0_14\jre\bin\nio.dll
0x5d200000 - 0x5d207000 	C:\Arquivos de programas\Lotus\Sametime Client\autoaway.dll
0x5d260000 - 0x5d2cf000 	D:\Java\jme\jmephysics\lib\odejava.dll
0x77100000 - 0x7718b000 	C:\WINDOWS\system32\OLEAUT32.DLL
0x69000000 - 0x694d7000 	C:\WINDOWS\system32\atioglxx.dll
0x6d200000 - 0x6d22f000 	C:\Arquivos de programas\Java\jdk1.5.0_14\jre\bin\cmm.dll
0x6d440000 - 0x6d45f000 	C:\Arquivos de programas\Java\jdk1.5.0_14\jre\bin\jpeg.dll

VM Arguments:
jvm_args: -Djava.library.path=D:\Java\jme\jmephysics\lib;D:\Java\jme\jmephysics;D:\Java\jme\jmephysics\lib;D:\Java\jme\jmephysics -Xss32M -Xms512m -Xmx800m -XX:PermSize=128m -XX:MaxPermSize=256m -Dfile.encoding=Cp1252 -Xbootclasspath:C:\Arquivos de programas\Java\jdk1.5.0_14\jre\lib\rt.jar;C:\Arquivos de programas\Java\jdk1.5.0_14\jre\lib\jsse.jar;C:\Arquivos de programas\Java\jdk1.5.0_14\jre\lib\jce.jar;C:\Arquivos de programas\Java\jdk1.5.0_14\jre\lib\charsets.jar
java_command: com.Space.controller.ships.TestBasicShip
Launcher Type: SUN_STANDARD

Environment Variables:
JAVA_HOME=C:\Arquivos de programas\Java\jdk1.5.0_14
CLASSPATH=C:\Arquivos de programas\Java\jdk1.5.0_14\jre\lib\ext;C:\Arquivos de programas\Java\j2re1.4.2_04\lib\ext\QTJava.zip;C:\EZJcom\ezjcom17.jar;C:\EZJcom\Jbepprint.jar;
PATH=C:/Arquivos de programas/Java/jdk1.5.0_14/bin/../jre/bin/client;C:/Arquivos de programas/Java/jdk1.5.0_14/bin/../jre/bin;C:\ARQUIV~1\Borland\Delphi5\Projects\Bpl;C:\ARQUIV~1\Borland\Delphi5\Bin;C:\Arquivos de programas\Java\jdk1.5.0_14\bin;C:\oraclexe\app\oracle\product\10.2.0\server\bin;C:\Arquivos de programas\PC Connectivity Solution\;C:\oracle\ora92\bin;C:\Arquivos de programas\Oracle\jre\1.3.1\bin;C:\WINDOWS\system32;C:\WINDOWS;C:\WINDOWS\System32\Wbem;C:\Arquivos de programas\Rational\common;C:\Arquivos de programas\QuickTime\QTSystem\;c:\Arquivos de programas\Microsoft SQL Server\90\Tools\binn\;C:\Arquivos de programas\Rational\ClearCase\bin;C:\Arquivos de programas\jEdit;C:\Arquivos de programas\CVSNT\;C:\PDFLIV~1\GS6.01\BIN;C:\PDFLIV~1\GS6.01\LIB;
USERNAME=CMM4
OS=Windows_NT
PROCESSOR_IDENTIFIER=x86 Family 15 Model 6 Stepping 2, GenuineIntel



---------------  S Y S T E M  ---------------

OS: Windows XP Build 2600 Service Pack 2

CPU:total 2 (cores per cpu 2, threads per core 1) family 15 model 6 stepping 2, cmov, cx8, fxsr, mmx, sse, sse2, sse3

Memory: 4k page, physical 2095124k(708432k free), swap 3694148k(350508k free)

vm_info: Java HotSpot(TM) Client VM (1.5.0_14-b03) for windows-x86, built on Oct  5 2007 01:21:52 by "java_re" with MS VC++ 6.0

